{"/d/home/projects/queing/index.js":{"path":"/d/home/projects/queing/index.js","s":{"1":1,"2":27,"3":27,"4":27,"5":27,"6":27,"7":27,"8":27,"9":27,"10":27,"11":27,"12":27,"13":2,"14":2,"15":1,"16":1,"17":19,"18":111,"19":18,"20":111,"21":111,"22":25,"23":86,"24":12,"25":1,"26":12,"27":74,"28":74,"29":74,"30":74,"31":74,"32":74,"33":74,"34":1,"35":73,"36":68,"37":68,"38":2,"39":2,"40":66,"41":66,"42":6,"43":6,"44":66,"45":4,"46":62,"47":60,"48":4,"49":60,"50":66,"51":62,"52":22,"53":40,"54":39,"55":74,"56":7,"57":2,"58":2,"59":1,"60":1,"61":7,"62":74,"63":4,"64":4,"65":74,"66":74,"67":74,"68":7,"69":5,"70":2,"71":74,"72":38,"73":3,"74":6,"75":6,"76":6,"77":6,"78":6,"79":1,"80":1,"81":1,"82":18,"83":18,"84":18,"85":18,"86":29,"87":29,"88":29,"89":1,"90":1,"91":4,"92":6,"93":1,"94":1,"95":3,"96":79,"97":79,"98":3,"99":79,"100":1,"101":27},"b":{"1":[27,20],"2":[27,24],"3":[27,26],"4":[27,26],"5":[27,26],"6":[18,93],"7":[25,86],"8":[12,74],"9":[1,11],"10":[68,5],"11":[73,73],"12":[2,66],"13":[68,2],"14":[6,60],"15":[4,62],"16":[60,2],"17":[4,56],"18":[62,4],"19":[22,40],"20":[62,32],"21":[39,1],"22":[7,67],"23":[1,1],"24":[4,70],"25":[7,67],"26":[74,7,7],"27":[2,1],"28":[38,36],"29":[74,56],"30":[3,76]},"f":{"1":27,"2":2,"3":1,"4":19,"5":111,"6":73,"7":3,"8":6,"9":6,"10":18,"11":29,"12":6,"13":79},"fnMap":{"1":{"name":"(anonymous_1)","line":3,"loc":{"start":{"line":3,"column":13},"end":{"line":3,"column":28}}},"2":{"name":"(anonymous_2)","line":16,"loc":{"start":{"line":16,"column":7},"end":{"line":16,"column":20}}},"3":{"name":"(anonymous_3)","line":20,"loc":{"start":{"line":20,"column":9},"end":{"line":20,"column":12}}},"4":{"name":"(anonymous_4)","line":24,"loc":{"start":{"line":24,"column":12},"end":{"line":24,"column":15}}},"5":{"name":"(anonymous_5)","line":27,"loc":{"start":{"line":27,"column":7},"end":{"line":27,"column":12}}},"6":{"name":"next","line":49,"loc":{"start":{"line":49,"column":4},"end":{"line":49,"column":31}}},"7":{"name":"(anonymous_7)","line":106,"loc":{"start":{"line":106,"column":6},"end":{"line":106,"column":9}}},"8":{"name":"(anonymous_8)","line":109,"loc":{"start":{"line":109,"column":5},"end":{"line":109,"column":11}}},"9":{"name":"(anonymous_9)","line":115,"loc":{"start":{"line":115,"column":14},"end":{"line":115,"column":17}}},"10":{"name":"(anonymous_10)","line":122,"loc":{"start":{"line":122,"column":19},"end":{"line":122,"column":24}}},"11":{"name":"(anonymous_11)","line":129,"loc":{"start":{"line":129,"column":7},"end":{"line":129,"column":13}}},"12":{"name":"(anonymous_12)","line":137,"loc":{"start":{"line":137,"column":29},"end":{"line":137,"column":48}}},"13":{"name":"(anonymous_13)","line":143,"loc":{"start":{"line":143,"column":29},"end":{"line":143,"column":48}}}},"statementMap":{"1":{"start":{"line":1,"column":0},"end":{"line":1,"column":39}},"2":{"start":{"line":4,"column":4},"end":{"line":4,"column":12}},"3":{"start":{"line":5,"column":4},"end":{"line":5,"column":55}},"4":{"start":{"line":6,"column":4},"end":{"line":6,"column":40}},"5":{"start":{"line":7,"column":4},"end":{"line":7,"column":48}},"6":{"start":{"line":8,"column":4},"end":{"line":8,"column":43}},"7":{"start":{"line":9,"column":4},"end":{"line":9,"column":40}},"8":{"start":{"line":10,"column":4},"end":{"line":10,"column":21}},"9":{"start":{"line":11,"column":4},"end":{"line":11,"column":21}},"10":{"start":{"line":12,"column":4},"end":{"line":12,"column":25}},"11":{"start":{"line":13,"column":4},"end":{"line":13,"column":19}},"12":{"start":{"line":14,"column":4},"end":{"line":14,"column":21}},"13":{"start":{"line":17,"column":4},"end":{"line":17,"column":44}},"14":{"start":{"line":18,"column":4},"end":{"line":18,"column":16}},"15":{"start":{"line":21,"column":4},"end":{"line":21,"column":24}},"16":{"start":{"line":22,"column":4},"end":{"line":22,"column":16}},"17":{"start":{"line":25,"column":4},"end":{"line":25,"column":43}},"18":{"start":{"line":28,"column":4},"end":{"line":30,"column":5}},"19":{"start":{"line":29,"column":6},"end":{"line":29,"column":33}},"20":{"start":{"line":31,"column":4},"end":{"line":31,"column":24}},"21":{"start":{"line":32,"column":4},"end":{"line":34,"column":5}},"22":{"start":{"line":33,"column":6},"end":{"line":33,"column":13}},"23":{"start":{"line":35,"column":4},"end":{"line":40,"column":5}},"24":{"start":{"line":36,"column":6},"end":{"line":38,"column":7}},"25":{"start":{"line":37,"column":8},"end":{"line":37,"column":21}},"26":{"start":{"line":39,"column":6},"end":{"line":39,"column":13}},"27":{"start":{"line":41,"column":4},"end":{"line":41,"column":22}},"28":{"start":{"line":42,"column":4},"end":{"line":42,"column":34}},"29":{"start":{"line":43,"column":4},"end":{"line":43,"column":20}},"30":{"start":{"line":44,"column":4},"end":{"line":44,"column":33}},"31":{"start":{"line":45,"column":4},"end":{"line":45,"column":25}},"32":{"start":{"line":46,"column":4},"end":{"line":46,"column":27}},"33":{"start":{"line":47,"column":4},"end":{"line":47,"column":27}},"34":{"start":{"line":49,"column":4},"end":{"line":77,"column":5}},"35":{"start":{"line":50,"column":6},"end":{"line":76,"column":7}},"36":{"start":{"line":51,"column":8},"end":{"line":51,"column":21}},"37":{"start":{"line":52,"column":8},"end":{"line":55,"column":9}},"38":{"start":{"line":53,"column":10},"end":{"line":53,"column":39}},"39":{"start":{"line":54,"column":10},"end":{"line":54,"column":30}},"40":{"start":{"line":56,"column":8},"end":{"line":56,"column":23}},"41":{"start":{"line":57,"column":8},"end":{"line":60,"column":9}},"42":{"start":{"line":58,"column":10},"end":{"line":58,"column":40}},"43":{"start":{"line":59,"column":10},"end":{"line":59,"column":34}},"44":{"start":{"line":61,"column":8},"end":{"line":68,"column":9}},"45":{"start":{"line":62,"column":10},"end":{"line":62,"column":39}},"46":{"start":{"line":63,"column":15},"end":{"line":68,"column":9}},"47":{"start":{"line":64,"column":10},"end":{"line":66,"column":11}},"48":{"start":{"line":65,"column":12},"end":{"line":65,"column":81}},"49":{"start":{"line":67,"column":10},"end":{"line":67,"column":44}},"50":{"start":{"line":69,"column":8},"end":{"line":75,"column":9}},"51":{"start":{"line":70,"column":10},"end":{"line":74,"column":11}},"52":{"start":{"line":71,"column":12},"end":{"line":71,"column":25}},"53":{"start":{"line":72,"column":17},"end":{"line":74,"column":11}},"54":{"start":{"line":73,"column":12},"end":{"line":73,"column":25}},"55":{"start":{"line":78,"column":4},"end":{"line":88,"column":5}},"56":{"start":{"line":79,"column":6},"end":{"line":86,"column":23}},"57":{"start":{"line":80,"column":8},"end":{"line":80,"column":26}},"58":{"start":{"line":81,"column":8},"end":{"line":85,"column":9}},"59":{"start":{"line":82,"column":10},"end":{"line":82,"column":42}},"60":{"start":{"line":84,"column":10},"end":{"line":84,"column":17}},"61":{"start":{"line":87,"column":6},"end":{"line":87,"column":41}},"62":{"start":{"line":89,"column":4},"end":{"line":92,"column":5}},"63":{"start":{"line":90,"column":6},"end":{"line":90,"column":40}},"64":{"start":{"line":91,"column":6},"end":{"line":91,"column":39}},"65":{"start":{"line":93,"column":4},"end":{"line":93,"column":19}},"66":{"start":{"line":94,"column":4},"end":{"line":94,"column":30}},"67":{"start":{"line":95,"column":4},"end":{"line":101,"column":5}},"68":{"start":{"line":96,"column":6},"end":{"line":100,"column":9}},"69":{"start":{"line":97,"column":8},"end":{"line":97,"column":27}},"70":{"start":{"line":99,"column":8},"end":{"line":99,"column":26}},"71":{"start":{"line":102,"column":4},"end":{"line":104,"column":5}},"72":{"start":{"line":103,"column":6},"end":{"line":103,"column":19}},"73":{"start":{"line":107,"column":4},"end":{"line":107,"column":25}},"74":{"start":{"line":110,"column":4},"end":{"line":110,"column":24}},"75":{"start":{"line":111,"column":4},"end":{"line":111,"column":25}},"76":{"start":{"line":112,"column":4},"end":{"line":112,"column":21}},"77":{"start":{"line":113,"column":4},"end":{"line":113,"column":20}},"78":{"start":{"line":116,"column":4},"end":{"line":120,"column":5}},"79":{"start":{"line":117,"column":6},"end":{"line":117,"column":41}},"80":{"start":{"line":118,"column":6},"end":{"line":118,"column":30}},"81":{"start":{"line":119,"column":6},"end":{"line":119,"column":30}},"82":{"start":{"line":123,"column":4},"end":{"line":123,"column":22}},"83":{"start":{"line":124,"column":4},"end":{"line":124,"column":33}},"84":{"start":{"line":125,"column":4},"end":{"line":127,"column":7}},"85":{"start":{"line":126,"column":6},"end":{"line":126,"column":28}},"86":{"start":{"line":130,"column":4},"end":{"line":130,"column":19}},"87":{"start":{"line":131,"column":4},"end":{"line":131,"column":25}},"88":{"start":{"line":132,"column":4},"end":{"line":132,"column":26}},"89":{"start":{"line":135,"column":0},"end":{"line":135,"column":64}},"90":{"start":{"line":136,"column":0},"end":{"line":140,"column":3}},"91":{"start":{"line":137,"column":2},"end":{"line":139,"column":4}},"92":{"start":{"line":138,"column":4},"end":{"line":138,"column":58}},"93":{"start":{"line":141,"column":0},"end":{"line":141,"column":54}},"94":{"start":{"line":142,"column":0},"end":{"line":150,"column":3}},"95":{"start":{"line":143,"column":2},"end":{"line":149,"column":4}},"96":{"start":{"line":144,"column":4},"end":{"line":144,"column":72}},"97":{"start":{"line":145,"column":4},"end":{"line":147,"column":5}},"98":{"start":{"line":146,"column":6},"end":{"line":146,"column":19}},"99":{"start":{"line":148,"column":4},"end":{"line":148,"column":24}},"100":{"start":{"line":151,"column":0},"end":{"line":151,"column":42}},"101":{"start":{"line":151,"column":25},"end":{"line":151,"column":41}}},"branchMap":{"1":{"line":5,"type":"binary-expr","locations":[{"start":{"line":5,"column":23},"end":{"line":5,"column":42}},{"start":{"line":5,"column":46},"end":{"line":5,"column":54}}]},"2":{"line":6,"type":"binary-expr","locations":[{"start":{"line":6,"column":19},"end":{"line":6,"column":34}},{"start":{"line":6,"column":38},"end":{"line":6,"column":39}}]},"3":{"line":7,"type":"binary-expr","locations":[{"start":{"line":7,"column":21},"end":{"line":7,"column":38}},{"start":{"line":7,"column":42},"end":{"line":7,"column":47}}]},"4":{"line":8,"type":"binary-expr","locations":[{"start":{"line":8,"column":19},"end":{"line":8,"column":34}},{"start":{"line":8,"column":38},"end":{"line":8,"column":42}}]},"5":{"line":9,"type":"binary-expr","locations":[{"start":{"line":9,"column":17},"end":{"line":9,"column":30}},{"start":{"line":9,"column":34},"end":{"line":9,"column":39}}]},"6":{"line":28,"type":"if","locations":[{"start":{"line":28,"column":4},"end":{"line":28,"column":4}},{"start":{"line":28,"column":4},"end":{"line":28,"column":4}}]},"7":{"line":32,"type":"if","locations":[{"start":{"line":32,"column":4},"end":{"line":32,"column":4}},{"start":{"line":32,"column":4},"end":{"line":32,"column":4}}]},"8":{"line":35,"type":"if","locations":[{"start":{"line":35,"column":4},"end":{"line":35,"column":4}},{"start":{"line":35,"column":4},"end":{"line":35,"column":4}}]},"9":{"line":36,"type":"if","locations":[{"start":{"line":36,"column":6},"end":{"line":36,"column":6}},{"start":{"line":36,"column":6},"end":{"line":36,"column":6}}]},"10":{"line":50,"type":"if","locations":[{"start":{"line":50,"column":6},"end":{"line":50,"column":6}},{"start":{"line":50,"column":6},"end":{"line":50,"column":6}}]},"11":{"line":50,"type":"binary-expr","locations":[{"start":{"line":50,"column":10},"end":{"line":50,"column":14}},{"start":{"line":50,"column":18},"end":{"line":50,"column":42}}]},"12":{"line":52,"type":"if","locations":[{"start":{"line":52,"column":8},"end":{"line":52,"column":8}},{"start":{"line":52,"column":8},"end":{"line":52,"column":8}}]},"13":{"line":52,"type":"binary-expr","locations":[{"start":{"line":52,"column":12},"end":{"line":52,"column":22}},{"start":{"line":52,"column":26},"end":{"line":52,"column":29}}]},"14":{"line":57,"type":"if","locations":[{"start":{"line":57,"column":8},"end":{"line":57,"column":8}},{"start":{"line":57,"column":8},"end":{"line":57,"column":8}}]},"15":{"line":61,"type":"if","locations":[{"start":{"line":61,"column":8},"end":{"line":61,"column":8}},{"start":{"line":61,"column":8},"end":{"line":61,"column":8}}]},"16":{"line":63,"type":"if","locations":[{"start":{"line":63,"column":15},"end":{"line":63,"column":15}},{"start":{"line":63,"column":15},"end":{"line":63,"column":15}}]},"17":{"line":64,"type":"if","locations":[{"start":{"line":64,"column":10},"end":{"line":64,"column":10}},{"start":{"line":64,"column":10},"end":{"line":64,"column":10}}]},"18":{"line":69,"type":"if","locations":[{"start":{"line":69,"column":8},"end":{"line":69,"column":8}},{"start":{"line":69,"column":8},"end":{"line":69,"column":8}}]},"19":{"line":70,"type":"if","locations":[{"start":{"line":70,"column":10},"end":{"line":70,"column":10}},{"start":{"line":70,"column":10},"end":{"line":70,"column":10}}]},"20":{"line":70,"type":"binary-expr","locations":[{"start":{"line":70,"column":14},"end":{"line":70,"column":32}},{"start":{"line":70,"column":36},"end":{"line":70,"column":58}}]},"21":{"line":72,"type":"if","locations":[{"start":{"line":72,"column":17},"end":{"line":72,"column":17}},{"start":{"line":72,"column":17},"end":{"line":72,"column":17}}]},"22":{"line":78,"type":"if","locations":[{"start":{"line":78,"column":4},"end":{"line":78,"column":4}},{"start":{"line":78,"column":4},"end":{"line":78,"column":4}}]},"23":{"line":81,"type":"if","locations":[{"start":{"line":81,"column":8},"end":{"line":81,"column":8}},{"start":{"line":81,"column":8},"end":{"line":81,"column":8}}]},"24":{"line":89,"type":"if","locations":[{"start":{"line":89,"column":4},"end":{"line":89,"column":4}},{"start":{"line":89,"column":4},"end":{"line":89,"column":4}}]},"25":{"line":95,"type":"if","locations":[{"start":{"line":95,"column":4},"end":{"line":95,"column":4}},{"start":{"line":95,"column":4},"end":{"line":95,"column":4}}]},"26":{"line":95,"type":"binary-expr","locations":[{"start":{"line":95,"column":8},"end":{"line":95,"column":15}},{"start":{"line":95,"column":19},"end":{"line":95,"column":31}},{"start":{"line":95,"column":35},"end":{"line":95,"column":69}}]},"27":{"line":99,"type":"binary-expr","locations":[{"start":{"line":99,"column":13},"end":{"line":99,"column":16}},{"start":{"line":99,"column":20},"end":{"line":99,"column":24}}]},"28":{"line":102,"type":"if","locations":[{"start":{"line":102,"column":4},"end":{"line":102,"column":4}},{"start":{"line":102,"column":4},"end":{"line":102,"column":4}}]},"29":{"line":102,"type":"binary-expr","locations":[{"start":{"line":102,"column":8},"end":{"line":102,"column":20}},{"start":{"line":102,"column":24},"end":{"line":102,"column":44}}]},"30":{"line":145,"type":"if","locations":[{"start":{"line":145,"column":4},"end":{"line":145,"column":4}},{"start":{"line":145,"column":4},"end":{"line":145,"column":4}}]}}}}