TN:
SF:/d/home/projects/queing/index.js
FN:3,(anonymous_1)
FN:16,(anonymous_2)
FN:20,(anonymous_3)
FN:24,(anonymous_4)
FN:27,(anonymous_5)
FN:49,next
FN:106,(anonymous_7)
FN:109,(anonymous_8)
FN:115,(anonymous_9)
FN:122,(anonymous_10)
FN:129,(anonymous_11)
FN:137,(anonymous_12)
FN:143,(anonymous_13)
FNF:13
FNH:13
FNDA:27,(anonymous_1)
FNDA:2,(anonymous_2)
FNDA:1,(anonymous_3)
FNDA:19,(anonymous_4)
FNDA:111,(anonymous_5)
FNDA:73,next
FNDA:3,(anonymous_7)
FNDA:6,(anonymous_8)
FNDA:6,(anonymous_9)
FNDA:18,(anonymous_10)
FNDA:29,(anonymous_11)
FNDA:6,(anonymous_12)
FNDA:79,(anonymous_13)
DA:1,1
DA:4,27
DA:5,27
DA:6,27
DA:7,27
DA:8,27
DA:9,27
DA:10,27
DA:11,27
DA:12,27
DA:13,27
DA:14,27
DA:17,2
DA:18,2
DA:21,1
DA:22,1
DA:25,19
DA:28,111
DA:29,18
DA:31,111
DA:32,111
DA:33,25
DA:35,86
DA:36,12
DA:37,1
DA:39,12
DA:41,74
DA:42,74
DA:43,74
DA:44,74
DA:45,74
DA:46,74
DA:47,74
DA:49,1
DA:50,73
DA:51,68
DA:52,68
DA:53,2
DA:54,2
DA:56,66
DA:57,66
DA:58,6
DA:59,6
DA:61,66
DA:62,4
DA:63,62
DA:64,60
DA:65,4
DA:67,60
DA:69,66
DA:70,62
DA:71,22
DA:72,40
DA:73,39
DA:78,74
DA:79,7
DA:80,2
DA:81,2
DA:82,1
DA:84,1
DA:87,7
DA:89,74
DA:90,4
DA:91,4
DA:93,74
DA:94,74
DA:95,74
DA:96,7
DA:97,5
DA:99,2
DA:102,74
DA:103,38
DA:107,3
DA:110,6
DA:111,6
DA:112,6
DA:113,6
DA:116,6
DA:117,1
DA:118,1
DA:119,1
DA:123,18
DA:124,18
DA:125,18
DA:126,18
DA:130,29
DA:131,29
DA:132,29
DA:135,1
DA:136,1
DA:137,4
DA:138,6
DA:141,1
DA:142,1
DA:143,3
DA:144,79
DA:145,79
DA:146,3
DA:148,79
DA:151,27
LF:100
LH:100
BRDA:5,1,0,27
BRDA:5,1,1,20
BRDA:6,2,0,27
BRDA:6,2,1,24
BRDA:7,3,0,27
BRDA:7,3,1,26
BRDA:8,4,0,27
BRDA:8,4,1,26
BRDA:9,5,0,27
BRDA:9,5,1,26
BRDA:28,6,0,18
BRDA:28,6,1,93
BRDA:32,7,0,25
BRDA:32,7,1,86
BRDA:35,8,0,12
BRDA:35,8,1,74
BRDA:36,9,0,1
BRDA:36,9,1,11
BRDA:50,10,0,68
BRDA:50,10,1,5
BRDA:50,11,0,73
BRDA:50,11,1,73
BRDA:52,12,0,2
BRDA:52,12,1,66
BRDA:52,13,0,68
BRDA:52,13,1,2
BRDA:57,14,0,6
BRDA:57,14,1,60
BRDA:61,15,0,4
BRDA:61,15,1,62
BRDA:63,16,0,60
BRDA:63,16,1,2
BRDA:64,17,0,4
BRDA:64,17,1,56
BRDA:69,18,0,62
BRDA:69,18,1,4
BRDA:70,19,0,22
BRDA:70,19,1,40
BRDA:70,20,0,62
BRDA:70,20,1,32
BRDA:72,21,0,39
BRDA:72,21,1,1
BRDA:78,22,0,7
BRDA:78,22,1,67
BRDA:81,23,0,1
BRDA:81,23,1,1
BRDA:89,24,0,4
BRDA:89,24,1,70
BRDA:95,25,0,7
BRDA:95,25,1,67
BRDA:95,26,0,74
BRDA:95,26,1,7
BRDA:95,26,2,7
BRDA:99,27,0,2
BRDA:99,27,1,1
BRDA:102,28,0,38
BRDA:102,28,1,36
BRDA:102,29,0,74
BRDA:102,29,1,56
BRDA:145,30,0,3
BRDA:145,30,1,76
BRF:61
BRH:61
end_of_record
